<?xml version="1.0" encoding="UTF-8"?>
<testsuite xmlns:xsi="http://www.w3.org/2001/XMLSchema-instance" xsi:noNamespaceSchemaLocation="https://maven.apache.org/surefire/maven-surefire-plugin/xsd/surefire-test-report.xsd" name="com.wjw.impl.StuServiceImplTest" time="11.374" tests="2" errors="1" skipped="0" failures="0">
  <properties>
[...]
</properties>
  <testcase name="save" classname="com.wjw.impl.StuServiceImplTest" time="1.303">
    <error message="&#10;### Error updating database.  Cause: java.sql.SQLIntegrityConstraintViolationException: Duplicate entry &apos;10086&apos; for key &apos;stu.PRIMARY&apos;&#10;### The error may exist in com/wjw/mapper/StuMapper.java (best guess)&#10;### The error may involve com.wjw.mapper.StuMapper.insert-Inline&#10;### The error occurred while setting parameters&#10;### SQL: INSERT INTO stu  ( id,name,age ) VALUES( ?,?,? )&#10;### Cause: java.sql.SQLIntegrityConstraintViolationException: Duplicate entry &apos;10086&apos; for key &apos;stu.PRIMARY&apos;&#10;; Duplicate entry &apos;10086&apos; for key &apos;stu.PRIMARY&apos;; nested exception is java.sql.SQLIntegrityConstraintViolationException: Duplicate entry &apos;10086&apos; for key &apos;stu.PRIMARY&apos;" type="org.springframework.dao.DuplicateKeyException">org.springframework.dao.DuplicateKeyException: 

### Error updating database.  Cause: java.sql.SQLIntegrityConstraintViolationException: Duplicate entry '10086' for key 'stu.PRIMARY'
### The error may exist in com/wjw/mapper/StuMapper.java (best guess)
### The error may involve com.wjw.mapper.StuMapper.insert-Inline
### The error occurred while setting parameters
### SQL: INSERT INTO stu  ( id,name,age ) VALUES( ?,?,? )
### Cause: java.sql.SQLIntegrityConstraintViolationException: Duplicate entry '10086' for key 'stu.PRIMARY'
; Duplicate entry '10086' for key 'stu.PRIMARY'; nested exception is java.sql.SQLIntegrityConstraintViolationException: Duplicate entry '10086' for key 'stu.PRIMARY'
	at com.wjw.impl.StuServiceImplTest.save(StuServiceImplTest.java:27)
Caused by: java.sql.SQLIntegrityConstraintViolationException: Duplicate entry '10086' for key 'stu.PRIMARY'
	at com.wjw.impl.StuServiceImplTest.save(StuServiceImplTest.java:27)
</error>
    <system-out><![CDATA[20:58:41.817 [main] DEBUG org.springframework.test.context.junit4.SpringJUnit4ClassRunner - SpringJUnit4ClassRunner constructor called with [class com.wjw.impl.StuServiceImplTest]
20:58:41.826 [main] DEBUG org.springframework.test.context.BootstrapUtils - Instantiating CacheAwareContextLoaderDelegate from class [org.springframework.test.context.cache.DefaultCacheAwareContextLoaderDelegate]
20:58:41.867 [main] DEBUG org.springframework.test.context.BootstrapUtils - Instantiating BootstrapContext using constructor [public org.springframework.test.context.support.DefaultBootstrapContext(java.lang.Class,org.springframework.test.context.CacheAwareContextLoaderDelegate)]
20:58:41.903 [main] DEBUG org.springframework.test.context.BootstrapUtils - Instantiating TestContextBootstrapper for test class [com.wjw.impl.StuServiceImplTest] from class [org.springframework.boot.test.context.SpringBootTestContextBootstrapper]
20:58:41.928 [main] INFO org.springframework.boot.test.context.SpringBootTestContextBootstrapper - Neither @ContextConfiguration nor @ContextHierarchy found for test class [com.wjw.impl.StuServiceImplTest], using SpringBootContextLoader
20:58:41.934 [main] DEBUG org.springframework.test.context.support.AbstractContextLoader - Did not detect default resource location for test class [com.wjw.impl.StuServiceImplTest]: class path resource [com/wjw/impl/StuServiceImplTest-context.xml] does not exist
20:58:41.935 [main] DEBUG org.springframework.test.context.support.AbstractContextLoader - Did not detect default resource location for test class [com.wjw.impl.StuServiceImplTest]: class path resource [com/wjw/impl/StuServiceImplTestContext.groovy] does not exist
20:58:41.935 [main] INFO org.springframework.test.context.support.AbstractContextLoader - Could not detect default resource locations for test class [com.wjw.impl.StuServiceImplTest]: no resource found for suffixes {-context.xml, Context.groovy}.
20:58:41.937 [main] INFO org.springframework.test.context.support.AnnotationConfigContextLoaderUtils - Could not detect default configuration classes for test class [com.wjw.impl.StuServiceImplTest]: StuServiceImplTest does not declare any static, non-private, non-final, nested classes annotated with @Configuration.
20:58:42.065 [main] DEBUG org.springframework.test.context.support.ActiveProfilesUtils - Could not find an 'annotation declaring class' for annotation type [org.springframework.test.context.ActiveProfiles] and class [com.wjw.impl.StuServiceImplTest]
20:58:42.470 [main] DEBUG org.springframework.context.annotation.ClassPathScanningCandidateComponentProvider - Identified candidate component class: file [D:\IdeaProject\foodies-dev\foodie-api\target\classes\com\wjw\Application.class]
20:58:42.473 [main] INFO org.springframework.boot.test.context.SpringBootTestContextBootstrapper - Found @SpringBootConfiguration com.wjw.Application for test class com.wjw.impl.StuServiceImplTest
20:58:42.696 [main] DEBUG org.springframework.boot.test.context.SpringBootTestContextBootstrapper - @TestExecutionListeners is not present for class [com.wjw.impl.StuServiceImplTest]: using defaults.
20:58:42.715 [main] INFO org.springframework.boot.test.context.SpringBootTestContextBootstrapper - Loaded default TestExecutionListener class names from location [META-INF/spring.factories]: [org.springframework.boot.test.mock.mockito.MockitoTestExecutionListener, org.springframework.boot.test.mock.mockito.ResetMocksTestExecutionListener, org.springframework.boot.test.autoconfigure.restdocs.RestDocsTestExecutionListener, org.springframework.boot.test.autoconfigure.web.client.MockRestServiceServerResetTestExecutionListener, org.springframework.boot.test.autoconfigure.web.servlet.MockMvcPrintOnlyOnFailureTestExecutionListener, org.springframework.boot.test.autoconfigure.web.servlet.WebDriverTestExecutionListener, org.springframework.test.context.web.ServletTestExecutionListener, org.springframework.test.context.support.DirtiesContextBeforeModesTestExecutionListener, org.springframework.test.context.support.DependencyInjectionTestExecutionListener, org.springframework.test.context.support.DirtiesContextTestExecutionListener, org.springframework.test.context.transaction.TransactionalTestExecutionListener, org.springframework.test.context.jdbc.SqlScriptsTestExecutionListener]
20:58:42.784 [main] INFO org.springframework.boot.test.context.SpringBootTestContextBootstrapper - Using TestExecutionListeners: [org.springframework.test.context.web.ServletTestExecutionListener@59474f18, org.springframework.test.context.support.DirtiesContextBeforeModesTestExecutionListener@65fb9ffc, org.springframework.boot.test.mock.mockito.MockitoTestExecutionListener@3e694b3f, org.springframework.boot.test.autoconfigure.SpringBootDependencyInjectionTestExecutionListener@1bb5a082, org.springframework.test.context.support.DirtiesContextTestExecutionListener@78691363, org.springframework.test.context.transaction.TransactionalTestExecutionListener@41d477ed, org.springframework.test.context.jdbc.SqlScriptsTestExecutionListener@3590fc5b, org.springframework.boot.test.mock.mockito.ResetMocksTestExecutionListener@397fbdb, org.springframework.boot.test.autoconfigure.restdocs.RestDocsTestExecutionListener@33d512c1, org.springframework.boot.test.autoconfigure.web.client.MockRestServiceServerResetTestExecutionListener@515c6049, org.springframework.boot.test.autoconfigure.web.servlet.MockMvcPrintOnlyOnFailureTestExecutionListener@639c2c1d, org.springframework.boot.test.autoconfigure.web.servlet.WebDriverTestExecutionListener@5fe94a96]
20:58:42.787 [main] DEBUG org.springframework.test.annotation.ProfileValueUtils - Retrieved @ProfileValueSourceConfiguration [null] for test class [com.wjw.impl.StuServiceImplTest]
20:58:42.787 [main] DEBUG org.springframework.test.annotation.ProfileValueUtils - Retrieved ProfileValueSource type [class org.springframework.test.annotation.SystemProfileValueSource] for class [com.wjw.impl.StuServiceImplTest]
20:58:42.790 [main] DEBUG org.springframework.test.annotation.ProfileValueUtils - Retrieved @ProfileValueSourceConfiguration [null] for test class [com.wjw.impl.StuServiceImplTest]
20:58:42.790 [main] DEBUG org.springframework.test.annotation.ProfileValueUtils - Retrieved ProfileValueSource type [class org.springframework.test.annotation.SystemProfileValueSource] for class [com.wjw.impl.StuServiceImplTest]
20:58:42.815 [main] DEBUG org.springframework.test.annotation.ProfileValueUtils - Retrieved @ProfileValueSourceConfiguration [null] for test class [com.wjw.impl.StuServiceImplTest]
20:58:42.815 [main] DEBUG org.springframework.test.annotation.ProfileValueUtils - Retrieved ProfileValueSource type [class org.springframework.test.annotation.SystemProfileValueSource] for class [com.wjw.impl.StuServiceImplTest]
20:58:42.820 [main] DEBUG org.springframework.test.context.support.AbstractDirtiesContextTestExecutionListener - Before test class: context [DefaultTestContext@34e9fd99 testClass = StuServiceImplTest, testInstance = [null], testMethod = [null], testException = [null], mergedContextConfiguration = [WebMergedContextConfiguration@3c41ed1d testClass = StuServiceImplTest, locations = '{}', classes = '{class com.wjw.Application}', contextInitializerClasses = '[]', activeProfiles = '{}', propertySourceLocations = '{}', propertySourceProperties = '{org.springframework.boot.test.context.SpringBootTestContextBootstrapper=true}', contextCustomizers = set[org.springframework.boot.test.context.filter.ExcludeFilterContextCustomizer@28ac3dc3, org.springframework.boot.test.json.DuplicateJsonObjectContextCustomizerFactory$DuplicateJsonObjectContextCustomizer@1d371b2d, org.springframework.boot.test.mock.mockito.MockitoContextCustomizer@0, org.springframework.boot.test.web.client.TestRestTemplateContextCustomizer@401e7803, org.springframework.boot.test.autoconfigure.properties.PropertyMappingContextCustomizer@0, org.springframework.boot.test.autoconfigure.web.servlet.WebDriverContextCustomizerFactory$Customizer@2641e737], resourceBasePath = 'src/main/webapp', contextLoader = 'org.springframework.boot.test.context.SpringBootContextLoader', parent = [null]], attributes = map['org.springframework.test.context.web.ServletTestExecutionListener.activateListener' -> true]], class annotated with @DirtiesContext [false] with mode [null].
20:58:42.822 [main] DEBUG org.springframework.test.annotation.ProfileValueUtils - Retrieved @ProfileValueSourceConfiguration [null] for test class [com.wjw.impl.StuServiceImplTest]
20:58:42.822 [main] DEBUG org.springframework.test.annotation.ProfileValueUtils - Retrieved ProfileValueSource type [class org.springframework.test.annotation.SystemProfileValueSource] for class [com.wjw.impl.StuServiceImplTest]
20:58:42.939 [main] DEBUG org.springframework.test.context.support.TestPropertySourceUtils - Adding inlined properties to environment: {spring.jmx.enabled=false, org.springframework.boot.test.context.SpringBootTestContextBootstrapper=true, server.port=-1}

  .   ____          _            __ _ _
 /\\ / ___'_ __ _ _(_)_ __  __ _ \ \ \ \
( ( )\___ | '_ | '_| | '_ \/ _` | \ \ \ \
 \\/  ___)| |_)| | | | | || (_| |  ) ) ) )
  '  |____| .__|_| |_|_| |_\__, | / / / /
 =========|_|==============|___/=/_/_/_/
 :: Spring Boot ::        (v2.1.5.RELEASE)

2020-04-26 20:58:44.339  INFO 8272 --- [           main] com.wjw.impl.StuServiceImplTest          : Starting StuServiceImplTest on SparkComputer with PID 8272 (started by asus in D:\IdeaProject\foodies-dev\foodie-api)
2020-04-26 20:58:44.340  INFO 8272 --- [           main] com.wjw.impl.StuServiceImplTest          : No active profile set, falling back to default profiles: default
2020-04-26 20:58:46.766  WARN 8272 --- [           main] o.m.s.mapper.ClassPathMapperScanner      : No MyBatis mapper was found in '[com.wjw]' package. Please check your configuration.
2020-04-26 20:58:50.333  INFO 8272 --- [           main] o.s.s.concurrent.ThreadPoolTaskExecutor  : Initializing ExecutorService 'applicationTaskExecutor'
2020-04-26 20:58:50.893  INFO 8272 --- [           main] t.m.m.autoconfigure.MapperCacheDisabler  : Clear tk.mybatis.mapper.util.MsUtil CLASS_CACHE cache.
2020-04-26 20:58:50.895  INFO 8272 --- [           main] t.m.m.autoconfigure.MapperCacheDisabler  : Clear tk.mybatis.mapper.genid.GenIdUtil CACHE cache.
2020-04-26 20:58:50.896  INFO 8272 --- [           main] t.m.m.autoconfigure.MapperCacheDisabler  : Clear tk.mybatis.mapper.version.VersionUtil CACHE cache.
2020-04-26 20:58:50.899  INFO 8272 --- [           main] t.m.m.autoconfigure.MapperCacheDisabler  : Clear EntityHelper entityTableMap cache.
2020-04-26 20:58:51.540  INFO 8272 --- [           main] com.wjw.impl.StuServiceImplTest          : Started StuServiceImplTest in 8.527 seconds (JVM running for 10.699)
2020-04-26 20:58:52.194  INFO 8272 --- [           main] com.zaxxer.hikari.HikariDataSource       : DateSourceHikariCP - Starting...
2020-04-26 20:58:52.688  INFO 8272 --- [           main] com.zaxxer.hikari.HikariDataSource       : DateSourceHikariCP - Start completed.
]]></system-out>
    <system-err><![CDATA[SLF4J: Class path contains multiple SLF4J bindings.
SLF4J: Found binding in [jar:file:/D:/Java/LocalRepository/ch/qos/logback/logback-classic/1.2.3/logback-classic-1.2.3.jar!/org/slf4j/impl/StaticLoggerBinder.class]
SLF4J: Found binding in [jar:file:/D:/Java/LocalRepository/org/slf4j/slf4j-log4j12/1.7.21/slf4j-log4j12-1.7.21.jar!/org/slf4j/impl/StaticLoggerBinder.class]
SLF4J: See http://www.slf4j.org/codes.html#multiple_bindings for an explanation.
SLF4J: Actual binding is of type [ch.qos.logback.classic.util.ContextSelectorStaticBinder]
]]></system-err>
  </testcase>
  <testcase name="contextLoads" classname="com.wjw.impl.StuServiceImplTest" time="0"/>
</testsuite>