<?xml version="1.0" encoding="UTF-8"?>
<testsuite xmlns:xsi="http://www.w3.org/2001/XMLSchema-instance" xsi:noNamespaceSchemaLocation="https://maven.apache.org/surefire/maven-surefire-plugin/xsd/surefire-test-report.xsd" name="com.wjw.impl.StuServiceImplTest" time="0.802" tests="2" errors="0" skipped="0" failures="0">
  <properties>
[...]
</properties>
  <testcase name="save" classname="com.wjw.impl.StuServiceImplTest" time="0.794"/>
  <testcase name="contextLoads" classname="com.wjw.impl.StuServiceImplTest" time="0"/>
</testsuite>